Run job with 1 node and 1 core
C2 :  145024
[('#melbourne', 10026), ('#australia', 1556), ('#job', 1389), ('#jobs', 964), ('#melbourne)', 650)]
B2 :  79568
[('#melbourne', 841), ('#australia', 154), ('#auspol', 146), ('#nashsnewvideo', 123), ('#brunswick', 94)]
C3 :  53358
[('#melbourne', 500), ('#australia', 146), ('#coffee', 101), ('#oneorigin_specialtycoffee', 71), ('#food', 70)]
B3 :  26606
[('#melbourne', 174), ('#australia', 60), ('#fitness', 55), ('#pocus', 50), ('#britonedirection', 42)]
C4 :  19703
[('#alishas1million', 96), ('#vote5sos', 84), ('#melbourne', 83), ('#auspol', 61), ('#savedallas', 51)]
B1 :  16502
[('#melbourne', 177), ('#kca', 69), ('#australia', 62), ('#vote5sos', 55), ('#bds', 53)]
D4 :  14467
[('#nowplaying', 1730), ('#noblepark,', 44), ('#melbourne', 30), ('#dandenong.', 27), ('#job', 26)]
D3 :  13373
[('#melbourne', 82), ('#beach', 61), ('#summer', 30), ('#joesuggtofollowconniekirk', 28), ('#australia', 23)]
C1 :  8427
[('#jackdm', 104), ('#camto4mill', 72), ('#jackfollowme', 62), ('#jamesyamm', 58), ('#mashnewvideo', 57)]
B4 :  5462
[('#melbourne', 35), ('#smallzywelcomeshome5sos', 26), ('#vicfires', 19), ('#fire', 19), ('#socialmedia', 18), ('#warrandyte', 14)]
A3 :  5054
[('#vicfires', 19), ('#saveconstantine', 12), ('#epping.', 11), ('#love', 9), ('#melbourne', 9), ('#raw', 7), ('#southmorang.', 7), ('#mvfc', 7)]
A2 :  4147
[('#krazykristmas', 165), ('#egsholidaygiveaway', 57), ('#rcl1milliongiveaway', 53), ('#vdaywithbeth', 37), ('#craigieburn.', 31), ('#egholidaygiveaway', 31)]
C5 :  4108
[('#melbourne', 53), ('#australia', 17), ('#dandenongs', 14), ('#1000steps', 13), ('#travel', 13), ('#spring', 10)]
D5 :  3262
[('#cat,', 25), ('#somebodytocon', 23), ('#melbourne', 22), ('#lost', 20), ('#voteukvampettes', 18)]
A1 :  2533
[('#melbourne', 14), ('#tattoo', 11), ('#worldjudo2014', 9), ('#my', 8), ('#drawing', 8), ('#judo', 8), ('#vobis', 8), ('#design', 8), ('#bigbrother', 6), ('#bbau', 6), ('#tattoolife', 6)]
A4 :  310
[('#lnp', 4), ('#standrews', 3), ('#vicfires', 3), ('#qldvotes', 3), ('#birthday', 3), ('#trilocks#recoded#standrews', 2), ('#laughterclass', 2), ('#community', 2), ('#market', 2), ('#joy', 2), ('#recoded#standrews', 2), ('#mytribe', 2), ('#igers', 1), ('#hawthorn', 1), ('#acceptance…', 1), ('#getaway', 1), ('#good', 1), ('#ilovewinter', 1), ('#incident,', 1), ('#always', 1), ('#win!', 1), ('#win', 1), ('#classof2014', 1), ('#auspol', 1), ('#fringies', 1), ('#loseweight', 1), ('#fisher.', 1), ('#comon', 1), ('#commgames', 1), ('#hurstbridge', 1), ('#vscocam', 1), ('#melbourne', 1), ('#vsco', 1), ('#high', 1), ('#whitenightmelb', 1), ('#igersmelbourne', 1), ('#vicvotes', 1), ('#nature', 1), ('#fromwhereiride', 1), ('#kriskringle', 1), ('#wellspent', 1), ('#labfun', 1), ('#jaffles.', 1), ('#paddocktoplate', 1), ('#🚴\U0001f3fb💥', 1), ('#happiness', 1), ('#screecher', 1), ('#healing', 1), ('#libspill', 1), ('#intensity', 1), ('#victoria…', 1), ('#lovinglifeinaus…', 1), ('#icebucketchallenge', 1), ('#dinner', 1), ('#socceroos,watch', 1), ('#herbalife', 1), ('#beautyeverywhere…', 1), ('#australianbush', 1), ('#cycling', 1), ('#vce', 1), ('#ausopen?', 1), ('#do', 1), ('#goingdownswinging', 1), ('#lnp,', 1), ('#banter💯', 1), ('#smashit', 1), ('#jan1st', 1), ('#operation', 1), ('#sbs가요대전', 1), ('#labiam', 1), ('#winter', 1), ('#buskin', 1), ('#speedy', 1), ('#inclusion', 1), ('#qldelection?', 1), ('#ball', 1), ('#craftbeer.', 1), ('#bachiewood', 1), ('#igersdaily', 1), ('#labwet', 1), ('#inclusion…', 1), ('#guitar', 1), ('#earlyaf', 1), ('#steamtrain', 1), ('#diversity', 1), ('#rainyevening', 1), ('#fast', 1), ('#labour', 1), ('#australia', 1), ('#rainforest', 1), ('#labswim', 1)]

Total time used for execution is 03 minutes and 06 seconds
